CRITICAL - 2023-10-17 00:00:58 --> Invalid file: "teplate/header.php"
in SYSTEMPATH\Exceptions\FrameworkException.php on line 39.
 1 SYSTEMPATH\View\View.php(214): CodeIgniter\Exceptions\FrameworkException::forInvalidFile('teplate/header.php')
 2 SYSTEMPATH\Common.php(1178): CodeIgniter\View\View->render('teplate/header', [], true)
 3 APPPATH\Controllers\Home.php(9): view('teplate/header')
 4 SYSTEMPATH\CodeIgniter.php(915): App\Controllers\Home->index()
 5 SYSTEMPATH\CodeIgniter.php(492): CodeIgniter\CodeIgniter->runController(Object(App\Controllers\Home))
 6 SYSTEMPATH\CodeIgniter.php(353): CodeIgniter\CodeIgniter->handleRequest(null, Object(Config\Cache), false)
 7 FCPATH\index.php(79): CodeIgniter\CodeIgniter->run()
 8 SYSTEMPATH\Commands\Server\rewrite.php(47): require_once('C:\\ARSENIO\\Sonia\\dashboard_taxi_app\\public\\index.php')
CRITICAL - 2023-10-17 00:00:59 --> Invalid file: "teplate/header.php"
in SYSTEMPATH\Exceptions\FrameworkException.php on line 39.
 1 SYSTEMPATH\View\View.php(214): CodeIgniter\Exceptions\FrameworkException::forInvalidFile('teplate/header.php')
 2 SYSTEMPATH\Common.php(1178): CodeIgniter\View\View->render('teplate/header', [], true)
 3 APPPATH\Controllers\Home.php(9): view('teplate/header')
 4 SYSTEMPATH\CodeIgniter.php(915): App\Controllers\Home->index()
 5 SYSTEMPATH\CodeIgniter.php(492): CodeIgniter\CodeIgniter->runController(Object(App\Controllers\Home))
 6 SYSTEMPATH\CodeIgniter.php(353): CodeIgniter\CodeIgniter->handleRequest(null, Object(Config\Cache), false)
 7 FCPATH\index.php(79): CodeIgniter\CodeIgniter->run()
 8 SYSTEMPATH\Commands\Server\rewrite.php(47): require_once('C:\\ARSENIO\\Sonia\\dashboard_taxi_app\\public\\index.php')
CRITICAL - 2023-10-17 02:01:42 --> Invalid file: "vehicles/new.php"
in SYSTEMPATH\Exceptions\FrameworkException.php on line 39.
 1 SYSTEMPATH\View\View.php(214): CodeIgniter\Exceptions\FrameworkException::forInvalidFile('vehicles/new.php')
 2 SYSTEMPATH\Common.php(1178): CodeIgniter\View\View->render('vehicles/new', [], true)
 3 APPPATH\Controllers\Vehicle.php(16): view('vehicles/new')
 4 SYSTEMPATH\CodeIgniter.php(915): App\Controllers\Vehicle->news()
 5 SYSTEMPATH\CodeIgniter.php(492): CodeIgniter\CodeIgniter->runController(Object(App\Controllers\Vehicle))
 6 SYSTEMPATH\CodeIgniter.php(353): CodeIgniter\CodeIgniter->handleRequest(null, Object(Config\Cache), false)
 7 FCPATH\index.php(79): CodeIgniter\CodeIgniter->run()
 8 SYSTEMPATH\Commands\Server\rewrite.php(47): require_once('C:\\ARSENIO\\Sonia\\dashboard_taxi_app\\public\\index.php')
CRITICAL - 2023-10-17 02:02:07 --> Invalid file: "vehicles/new.php"
in SYSTEMPATH\Exceptions\FrameworkException.php on line 39.
 1 SYSTEMPATH\View\View.php(214): CodeIgniter\Exceptions\FrameworkException::forInvalidFile('vehicles/new.php')
 2 SYSTEMPATH\Common.php(1178): CodeIgniter\View\View->render('vehicles/new', [], true)
 3 APPPATH\Controllers\Vehicle.php(16): view('vehicles/new')
 4 SYSTEMPATH\CodeIgniter.php(915): App\Controllers\Vehicle->news()
 5 SYSTEMPATH\CodeIgniter.php(492): CodeIgniter\CodeIgniter->runController(Object(App\Controllers\Vehicle))
 6 SYSTEMPATH\CodeIgniter.php(353): CodeIgniter\CodeIgniter->handleRequest(null, Object(Config\Cache), false)
 7 FCPATH\index.php(79): CodeIgniter\CodeIgniter->run()
 8 SYSTEMPATH\Commands\Server\rewrite.php(47): require_once('C:\\ARSENIO\\Sonia\\dashboard_taxi_app\\public\\index.php')
CRITICAL - 2023-10-17 03:45:59 --> Undefined variable $id
in APPPATH\Views\vehicles\profile.php on line 761.
 1 APPPATH\Views\vehicles\profile.php(761): CodeIgniter\Debug\Exceptions->errorHandler(2, 'Undefined variable $id', 'C:\\ARSENIO\\Sonia\\dashboard_taxi_app\\app\\Views\\vehicles\\profile.php', 761)
 2 SYSTEMPATH\View\View.php(226): include('C:\\ARSENIO\\Sonia\\dashboard_taxi_app\\app\\Views\\vehicles\\profile.php')
 3 SYSTEMPATH\View\View.php(229): CodeIgniter\View\View->CodeIgniter\View\{closure}()
 4 SYSTEMPATH\Common.php(1178): CodeIgniter\View\View->render('vehicles/profile', [], true)
 5 APPPATH\Controllers\Vehicle.php(21): view('vehicles/profile')
 6 SYSTEMPATH\CodeIgniter.php(915): App\Controllers\Vehicle->profile('1')
 7 SYSTEMPATH\CodeIgniter.php(492): CodeIgniter\CodeIgniter->runController(Object(App\Controllers\Vehicle))
 8 SYSTEMPATH\CodeIgniter.php(353): CodeIgniter\CodeIgniter->handleRequest(null, Object(Config\Cache), false)
 9 FCPATH\index.php(79): CodeIgniter\CodeIgniter->run()
10 SYSTEMPATH\Commands\Server\rewrite.php(47): require_once('C:\\ARSENIO\\Sonia\\dashboard_taxi_app\\public\\index.php')
CRITICAL - 2023-10-17 03:46:45 --> Undefined variable $id
in APPPATH\Views\vehicles\profile.php on line 660.
 1 APPPATH\Views\vehicles\profile.php(660): CodeIgniter\Debug\Exceptions->errorHandler(2, 'Undefined variable $id', 'C:\\ARSENIO\\Sonia\\dashboard_taxi_app\\app\\Views\\vehicles\\profile.php', 660)
 2 SYSTEMPATH\View\View.php(226): include('C:\\ARSENIO\\Sonia\\dashboard_taxi_app\\app\\Views\\vehicles\\profile.php')
 3 SYSTEMPATH\View\View.php(229): CodeIgniter\View\View->CodeIgniter\View\{closure}()
 4 SYSTEMPATH\Common.php(1178): CodeIgniter\View\View->render('vehicles/profile', [], true)
 5 APPPATH\Controllers\Vehicle.php(21): view('vehicles/profile')
 6 SYSTEMPATH\CodeIgniter.php(915): App\Controllers\Vehicle->profile('1')
 7 SYSTEMPATH\CodeIgniter.php(492): CodeIgniter\CodeIgniter->runController(Object(App\Controllers\Vehicle))
 8 SYSTEMPATH\CodeIgniter.php(353): CodeIgniter\CodeIgniter->handleRequest(null, Object(Config\Cache), false)
 9 FCPATH\index.php(79): CodeIgniter\CodeIgniter->run()
10 SYSTEMPATH\Commands\Server\rewrite.php(47): require_once('C:\\ARSENIO\\Sonia\\dashboard_taxi_app\\public\\index.php')
CRITICAL - 2023-10-17 12:03:26 --> Invalid file: "user/profile.php"
in SYSTEMPATH\Exceptions\FrameworkException.php on line 39.
 1 SYSTEMPATH\View\View.php(214): CodeIgniter\Exceptions\FrameworkException::forInvalidFile('user/profile.php')
 2 SYSTEMPATH\Common.php(1178): CodeIgniter\View\View->render('user/profile', [], true)
 3 APPPATH\Controllers\User.php(16): view('user/profile')
 4 SYSTEMPATH\CodeIgniter.php(915): App\Controllers\User->profile('1')
 5 SYSTEMPATH\CodeIgniter.php(492): CodeIgniter\CodeIgniter->runController(Object(App\Controllers\User))
 6 SYSTEMPATH\CodeIgniter.php(353): CodeIgniter\CodeIgniter->handleRequest(null, Object(Config\Cache), false)
 7 FCPATH\index.php(79): CodeIgniter\CodeIgniter->run()
 8 SYSTEMPATH\Commands\Server\rewrite.php(47): require_once('C:\\ARSENIO\\Sonia\\dashboard_taxi_app\\public\\index.php')
